<?xml version="1.0" encoding="UTF-8"?>
<!-- Generated by org.testng.reporters.JUnitReportReporter -->
<testsuite skipped="0" hostname="HP01" name="com.opencart.qa.testcases.OpenCartLoginPageTest" tests="2" failures="0" timestamp="2024-03-28T21:53:39 IST" time="28.195" errors="0">
  <testcase name="validateTitleOFLoginPage" time="6.772" classname="com.opencart.qa.testcases.OpenCartLoginPageTest"/>
  <system-out/>
  <testcase name="loginTest" time="21.423" classname="com.opencart.qa.testcases.OpenCartLoginPageTest"/>
  <system-out/>
</testsuite> <!-- com.opencart.qa.testcases.OpenCartLoginPageTest -->
